Arguments: 
  /usr/local/bin/node /usr/local/bin/yarn add --save validator

PATH: 
  /usr/local/bin:/usr/bin:/bin:/usr/sbin:/sbin:/Applications/VMware Fusion.app/Contents/Public:/Library/Frameworks/Mono.framework/Versions/Current/Commands:/Applications/Wireshark.app/Contents/MacOS:/Users/smm-ibm/.rvm/gems/ruby-2.4.0/bin:/Users/smm-ibm/.rvm/gems/ruby-2.4.0@global/bin:/Users/smm-ibm/.rvm/rubies/ruby-2.4.0/bin:/Users/smm-ibm/.rbenv/shims:/Users/smm-ibm/.rvm/bin

Yarn version: 
  1.5.1

Node version: 
  9.8.0

Platform: 
  darwin x64

npm manifest: 
  {
    "name": "todo-api",
    "version": "1.0.0",
    "description": "Todo app",
    "main": "server.js",
    "scripts": {
      "start": "node server/server.js",
      "test": "export NODE_ENV=test  && jest",
      "test-watch": "nodemon --exec 'yarn test'"
    },
    "engines": {
      "node": "9.8.0",
      "npm": "5.6.0"
    },
    "author": "Steven McGrath",
    "license": "ISC",
    "dependencies": {
      "body-parser": "^1.18.2",
      "express": "^4.16.2",
      "lodash": "^4.17.5",
      "mongodb": "^3.0.4",
      "mongoose": "^5.0.9"
    },
    "devDependencies": {
      "jest": "^22.4.2",
      "nodemon": "^1.17.1",
      "supertest": "^3.0.0"
    }
  }

yarn manifest: 
  No manifest

Lockfile: 
  No lockfile

Trace: 
  Error: Missing list of packages to add to your project.
      at new MessageError (/usr/local/lib/node_modules/yarn/lib/cli.js:186:110)
      at Object.<anonymous> (/usr/local/lib/node_modules/yarn/lib/cli.js:40587:13)
      at Generator.next (<anonymous>)
      at step (/usr/local/lib/node_modules/yarn/lib/cli.js:98:30)
      at /usr/local/lib/node_modules/yarn/lib/cli.js:116:14
      at new Promise (<anonymous>)
      at new F (/usr/local/lib/node_modules/yarn/lib/cli.js:23451:28)
      at Object.<anonymous> (/usr/local/lib/node_modules/yarn/lib/cli.js:95:12)
      at Object.run (/usr/local/lib/node_modules/yarn/lib/cli.js:40599:19)
      at run (/usr/local/lib/node_modules/yarn/lib/cli.js:89113:20)
